DEPLOYEMENT
Deploy OSCIED Orchestra (1 instance)
deploy it now [y/N] ?
y
Using user define Orchestra configuration : /home/famille/David/prog/OSCIED/config/juju/orchestra.yaml
2013-01-26 19:10:16,831 INFO Searching for charm local:quantal/oscied-orchestra in local charm repository: /home/famille/David/prog/OSCIED/components/juju/charms
2013-01-26 19:10:16,856 WARNING ssl-hostname-verification is disabled for this environment
2013-01-26 19:10:16,856 WARNING EC2 API calls encrypted but not authenticated
2013-01-26 19:10:16,856 WARNING S3 API calls encrypted but not authenticated
2013-01-26 19:10:16,856 WARNING Ubuntu Cloud Image lookups encrypted but not authenticated
2013-01-26 19:10:16,857 INFO Connecting to environment...
The authenticity of host 'ec2-54-242-15-120.compute-1.amazonaws.com (54.242.15.120)' can't be established.
ECDSA key fingerprint is 06:9c:ad:68:12:b4:c5:e0:e8:4b:4b:f5:5e:87:68:a4.
Are you sure you want to continue connecting (yes/no)? yes
2013-01-26 19:13:27,508 INFO Connected to environment.
2013-01-26 19:13:27,608 WARNING ssl-hostname-verification is disabled for this environment
2013-01-26 19:13:27,609 WARNING EC2 API calls encrypted but not authenticated
2013-01-26 19:13:27,609 WARNING S3 API calls encrypted but not authenticated
2013-01-26 19:13:27,609 WARNING Ubuntu Cloud Image lookups encrypted but not authenticated
2013-01-26 19:13:30,244 WARNING ssl-hostname-verification is disabled for this environment
2013-01-26 19:13:30,244 WARNING EC2 API calls encrypted but not authenticated
2013-01-26 19:13:30,245 WARNING S3 API calls encrypted but not authenticated
2013-01-26 19:13:30,245 WARNING Ubuntu Cloud Image lookups encrypted but not authenticated
2013-01-26 19:13:30,452 WARNING ssl-hostname-verification is disabled for this environment
2013-01-26 19:13:30,452 WARNING EC2 API calls encrypted but not authenticated
2013-01-26 19:13:30,452 WARNING S3 API calls encrypted but not authenticated
2013-01-26 19:13:30,452 WARNING Ubuntu Cloud Image lookups encrypted but not authenticated
2013-01-26 19:13:31,080 WARNING ssl-hostname-verification is disabled for this environment
2013-01-26 19:13:31,081 WARNING EC2 API calls encrypted but not authenticated
2013-01-26 19:13:31,081 WARNING S3 API calls encrypted but not authenticated
2013-01-26 19:13:31,081 WARNING Ubuntu Cloud Image lookups encrypted but not authenticated
2013-01-26 19:13:31,383 WARNING ssl-hostname-verification is disabled for this environment
2013-01-26 19:13:31,383 WARNING EC2 API calls encrypted but not authenticated
2013-01-26 19:13:31,383 WARNING S3 API calls encrypted but not authenticated
2013-01-26 19:13:31,383 WARNING Ubuntu Cloud Image lookups encrypted but not authenticated
2013-01-26 19:13:31,896 WARNING ssl-hostname-verification is disabled for this environment
2013-01-26 19:13:31,896 WARNING EC2 API calls encrypted but not authenticated
2013-01-26 19:13:31,896 WARNING S3 API calls encrypted but not authenticated
2013-01-26 19:13:31,896 WARNING Ubuntu Cloud Image lookups encrypted but not authenticated
2013-01-26 19:13:32,099 WARNING ssl-hostname-verification is disabled for this environment
2013-01-26 19:13:32,099 WARNING EC2 API calls encrypted but not authenticated
2013-01-26 19:13:32,099 WARNING S3 API calls encrypted but not authenticated
2013-01-26 19:13:32,099 WARNING Ubuntu Cloud Image lookups encrypted but not authenticated
2013-01-26 19:13:32,406 INFO Charm deployed as service: 'oscied-orchestra'
2013-01-26 19:13:32,407 INFO 'deploy' command finished successfully
2013-01-26 19:13:32,652 WARNING ssl-hostname-verification is disabled for this environment
2013-01-26 19:13:32,652 WARNING EC2 API calls encrypted but not authenticated
2013-01-26 19:13:32,652 WARNING S3 API calls encrypted but not authenticated
2013-01-26 19:13:32,652 WARNING Ubuntu Cloud Image lookups encrypted but not authenticated
2013-01-26 19:13:32,653 INFO Connecting to environment...
2013-01-26 19:13:35,592 INFO Connected to environment.
2013-01-26 19:13:35,952 INFO Service 'oscied-orchestra' was exposed.
2013-01-26 19:13:35,953 INFO 'expose' command finished successfully
Deploy OSCIED Web UI (1 instance)
deploy it now [y/N] ?
y
Using user define Web UI configuration : /home/famille/David/prog/OSCIED/config/juju/webui.yaml
2013-01-26 19:13:48,226 INFO Searching for charm local:quantal/oscied-webui in local charm repository: /home/famille/David/prog/OSCIED/components/juju/charms
2013-01-26 19:13:48,251 WARNING ssl-hostname-verification is disabled for this environment
2013-01-26 19:13:48,251 WARNING EC2 API calls encrypted but not authenticated
2013-01-26 19:13:48,251 WARNING S3 API calls encrypted but not authenticated
2013-01-26 19:13:48,251 WARNING Ubuntu Cloud Image lookups encrypted but not authenticated
2013-01-26 19:13:48,252 INFO Connecting to environment...
2013-01-26 19:13:51,134 INFO Connected to environment.
2013-01-26 19:13:51,233 WARNING ssl-hostname-verification is disabled for this environment
2013-01-26 19:13:51,234 WARNING EC2 API calls encrypted but not authenticated
2013-01-26 19:13:51,234 WARNING S3 API calls encrypted but not authenticated
2013-01-26 19:13:51,234 WARNING Ubuntu Cloud Image lookups encrypted but not authenticated
2013-01-26 19:14:13,614 WARNING ssl-hostname-verification is disabled for this environment
2013-01-26 19:14:13,614 WARNING EC2 API calls encrypted but not authenticated
2013-01-26 19:14:13,614 WARNING S3 API calls encrypted but not authenticated
2013-01-26 19:14:13,614 WARNING Ubuntu Cloud Image lookups encrypted but not authenticated
2013-01-26 19:14:13,815 WARNING ssl-hostname-verification is disabled for this environment
2013-01-26 19:14:13,816 WARNING EC2 API calls encrypted but not authenticated
2013-01-26 19:14:13,816 WARNING S3 API calls encrypted but not authenticated
2013-01-26 19:14:13,816 WARNING Ubuntu Cloud Image lookups encrypted but not authenticated
2013-01-26 19:14:14,435 WARNING ssl-hostname-verification is disabled for this environment
2013-01-26 19:14:14,435 WARNING EC2 API calls encrypted but not authenticated
2013-01-26 19:14:14,435 WARNING S3 API calls encrypted but not authenticated
2013-01-26 19:14:14,435 WARNING Ubuntu Cloud Image lookups encrypted but not authenticated
2013-01-26 19:14:14,742 WARNING ssl-hostname-verification is disabled for this environment
2013-01-26 19:14:14,742 WARNING EC2 API calls encrypted but not authenticated
2013-01-26 19:14:14,742 WARNING S3 API calls encrypted but not authenticated
2013-01-26 19:14:14,742 WARNING Ubuntu Cloud Image lookups encrypted but not authenticated
2013-01-26 19:14:15,261 WARNING ssl-hostname-verification is disabled for this environment
2013-01-26 19:14:15,261 WARNING EC2 API calls encrypted but not authenticated
2013-01-26 19:14:15,261 WARNING S3 API calls encrypted but not authenticated
2013-01-26 19:14:15,261 WARNING Ubuntu Cloud Image lookups encrypted but not authenticated
2013-01-26 19:14:15,465 WARNING ssl-hostname-verification is disabled for this environment
2013-01-26 19:14:15,466 WARNING EC2 API calls encrypted but not authenticated
2013-01-26 19:14:15,466 WARNING S3 API calls encrypted but not authenticated
2013-01-26 19:14:15,466 WARNING Ubuntu Cloud Image lookups encrypted but not authenticated
2013-01-26 19:14:15,830 INFO Charm deployed as service: 'oscied-webui'
2013-01-26 19:14:15,831 INFO 'deploy' command finished successfully
2013-01-26 19:14:16,076 WARNING ssl-hostname-verification is disabled for this environment
2013-01-26 19:14:16,076 WARNING EC2 API calls encrypted but not authenticated
2013-01-26 19:14:16,076 WARNING S3 API calls encrypted but not authenticated
2013-01-26 19:14:16,076 WARNING Ubuntu Cloud Image lookups encrypted but not authenticated
2013-01-26 19:14:16,076 INFO Connecting to environment...
2013-01-26 19:14:24,983 INFO Connected to environment.
2013-01-26 19:14:25,301 INFO Service 'oscied-webui' was exposed.
2013-01-26 19:14:25,302 INFO 'expose' command finished successfully
Deploy OSCIED Storage (1 instance)
deploy it now [y/N] ?
y
Using user define Storage configuration : /home/famille/David/prog/OSCIED/config/juju/storage.yaml
2013-01-26 19:14:40,763 INFO Searching for charm local:quantal/oscied-storage in local charm repository: /home/famille/David/prog/OSCIED/components/juju/charms
2013-01-26 19:14:40,787 WARNING ssl-hostname-verification is disabled for this environment
2013-01-26 19:14:40,787 WARNING EC2 API calls encrypted but not authenticated
2013-01-26 19:14:40,787 WARNING S3 API calls encrypted but not authenticated
2013-01-26 19:14:40,787 WARNING Ubuntu Cloud Image lookups encrypted but not authenticated
2013-01-26 19:14:40,788 INFO Connecting to environment...
2013-01-26 19:14:44,052 INFO Connected to environment.
2013-01-26 19:14:44,155 WARNING ssl-hostname-verification is disabled for this environment
2013-01-26 19:14:44,155 WARNING EC2 API calls encrypted but not authenticated
2013-01-26 19:14:44,155 WARNING S3 API calls encrypted but not authenticated
2013-01-26 19:14:44,155 WARNING Ubuntu Cloud Image lookups encrypted but not authenticated
2013-01-26 19:14:46,204 WARNING ssl-hostname-verification is disabled for this environment
2013-01-26 19:14:46,205 WARNING EC2 API calls encrypted but not authenticated
2013-01-26 19:14:46,205 WARNING S3 API calls encrypted but not authenticated
2013-01-26 19:14:46,205 WARNING Ubuntu Cloud Image lookups encrypted but not authenticated
2013-01-26 19:14:46,409 WARNING ssl-hostname-verification is disabled for this environment
2013-01-26 19:14:46,409 WARNING EC2 API calls encrypted but not authenticated
2013-01-26 19:14:46,409 WARNING S3 API calls encrypted but not authenticated
2013-01-26 19:14:46,409 WARNING Ubuntu Cloud Image lookups encrypted but not authenticated
2013-01-26 19:14:47,018 WARNING ssl-hostname-verification is disabled for this environment
2013-01-26 19:14:47,018 WARNING EC2 API calls encrypted but not authenticated
2013-01-26 19:14:47,018 WARNING S3 API calls encrypted but not authenticated
2013-01-26 19:14:47,018 WARNING Ubuntu Cloud Image lookups encrypted but not authenticated
2013-01-26 19:14:47,333 WARNING ssl-hostname-verification is disabled for this environment
2013-01-26 19:14:47,333 WARNING EC2 API calls encrypted but not authenticated
2013-01-26 19:14:47,333 WARNING S3 API calls encrypted but not authenticated
2013-01-26 19:14:47,333 WARNING Ubuntu Cloud Image lookups encrypted but not authenticated
2013-01-26 19:14:47,845 WARNING ssl-hostname-verification is disabled for this environment
2013-01-26 19:14:47,845 WARNING EC2 API calls encrypted but not authenticated
2013-01-26 19:14:47,846 WARNING S3 API calls encrypted but not authenticated
2013-01-26 19:14:47,846 WARNING Ubuntu Cloud Image lookups encrypted but not authenticated
2013-01-26 19:14:48,050 WARNING ssl-hostname-verification is disabled for this environment
2013-01-26 19:14:48,050 WARNING EC2 API calls encrypted but not authenticated
2013-01-26 19:14:48,050 WARNING S3 API calls encrypted but not authenticated
2013-01-26 19:14:48,051 WARNING Ubuntu Cloud Image lookups encrypted but not authenticated
2013-01-26 19:14:48,379 INFO Charm deployed as service: 'oscied-storage'
2013-01-26 19:14:48,380 INFO 'deploy' command finished successfully
2013-01-26 19:14:48,621 WARNING ssl-hostname-verification is disabled for this environment
2013-01-26 19:14:48,621 WARNING EC2 API calls encrypted but not authenticated
2013-01-26 19:14:48,621 WARNING S3 API calls encrypted but not authenticated
2013-01-26 19:14:48,621 WARNING Ubuntu Cloud Image lookups encrypted but not authenticated
2013-01-26 19:14:48,622 INFO Connecting to environment...
2013-01-26 19:14:51,857 INFO Connected to environment.
2013-01-26 19:14:52,166 INFO Service 'oscied-storage' was exposed.
2013-01-26 19:14:52,167 INFO 'expose' command finished successfully
Deploy OSCIED Transform (1 instance)
deploy it now [y/N] ?
y
Using user define Transform configuration : /home/famille/David/prog/OSCIED/config/juju/transform.yaml
2013-01-26 19:14:56,078 INFO Searching for charm local:quantal/oscied-transform in local charm repository: /home/famille/David/prog/OSCIED/components/juju/charms
2013-01-26 19:14:56,103 WARNING ssl-hostname-verification is disabled for this environment
2013-01-26 19:14:56,103 WARNING EC2 API calls encrypted but not authenticated
2013-01-26 19:14:56,103 WARNING S3 API calls encrypted but not authenticated
2013-01-26 19:14:56,103 WARNING Ubuntu Cloud Image lookups encrypted but not authenticated
2013-01-26 19:14:56,103 INFO Connecting to environment...
2013-01-26 19:14:59,222 INFO Connected to environment.
2013-01-26 19:14:59,323 WARNING ssl-hostname-verification is disabled for this environment
2013-01-26 19:14:59,323 WARNING EC2 API calls encrypted but not authenticated
2013-01-26 19:14:59,324 WARNING S3 API calls encrypted but not authenticated
2013-01-26 19:14:59,324 WARNING Ubuntu Cloud Image lookups encrypted but not authenticated
2013-01-26 19:15:01,693 WARNING ssl-hostname-verification is disabled for this environment
2013-01-26 19:15:01,693 WARNING EC2 API calls encrypted but not authenticated
2013-01-26 19:15:01,693 WARNING S3 API calls encrypted but not authenticated
2013-01-26 19:15:01,693 WARNING Ubuntu Cloud Image lookups encrypted but not authenticated
2013-01-26 19:15:01,897 WARNING ssl-hostname-verification is disabled for this environment
2013-01-26 19:15:01,897 WARNING EC2 API calls encrypted but not authenticated
2013-01-26 19:15:01,898 WARNING S3 API calls encrypted but not authenticated
2013-01-26 19:15:01,898 WARNING Ubuntu Cloud Image lookups encrypted but not authenticated
2013-01-26 19:15:02,522 WARNING ssl-hostname-verification is disabled for this environment
2013-01-26 19:15:02,522 WARNING EC2 API calls encrypted but not authenticated
2013-01-26 19:15:02,522 WARNING S3 API calls encrypted but not authenticated
2013-01-26 19:15:02,523 WARNING Ubuntu Cloud Image lookups encrypted but not authenticated
2013-01-26 19:15:02,831 WARNING ssl-hostname-verification is disabled for this environment
2013-01-26 19:15:02,831 WARNING EC2 API calls encrypted but not authenticated
2013-01-26 19:15:02,831 WARNING S3 API calls encrypted but not authenticated
2013-01-26 19:15:02,831 WARNING Ubuntu Cloud Image lookups encrypted but not authenticated
2013-01-26 19:15:03,356 WARNING ssl-hostname-verification is disabled for this environment
2013-01-26 19:15:03,356 WARNING EC2 API calls encrypted but not authenticated
2013-01-26 19:15:03,356 WARNING S3 API calls encrypted but not authenticated
2013-01-26 19:15:03,356 WARNING Ubuntu Cloud Image lookups encrypted but not authenticated
2013-01-26 19:15:03,602 WARNING ssl-hostname-verification is disabled for this environment
2013-01-26 19:15:03,602 WARNING EC2 API calls encrypted but not authenticated
2013-01-26 19:15:03,602 WARNING S3 API calls encrypted but not authenticated
2013-01-26 19:15:03,602 WARNING Ubuntu Cloud Image lookups encrypted but not authenticated
2013-01-26 19:15:03,910 INFO Charm deployed as service: 'oscied-transform'
2013-01-26 19:15:03,911 INFO 'deploy' command finished successfully
Deploy OSCIED Publisher (1 instance)
deploy it now [y/N] ?
y
Using user define Publisher configuration : /home/famille/David/prog/OSCIED/config/juju/publisher.yaml
2013-01-26 19:15:05,834 INFO Searching for charm local:quantal/oscied-publisher in local charm repository: /home/famille/David/prog/OSCIED/components/juju/charms
2013-01-26 19:15:05,859 WARNING ssl-hostname-verification is disabled for this environment
2013-01-26 19:15:05,859 WARNING EC2 API calls encrypted but not authenticated
2013-01-26 19:15:05,859 WARNING S3 API calls encrypted but not authenticated
2013-01-26 19:15:05,860 WARNING Ubuntu Cloud Image lookups encrypted but not authenticated
2013-01-26 19:15:05,860 INFO Connecting to environment...
2013-01-26 19:15:09,390 INFO Connected to environment.
2013-01-26 19:15:09,491 WARNING ssl-hostname-verification is disabled for this environment
2013-01-26 19:15:09,491 WARNING EC2 API calls encrypted but not authenticated
2013-01-26 19:15:09,491 WARNING S3 API calls encrypted but not authenticated
2013-01-26 19:15:09,491 WARNING Ubuntu Cloud Image lookups encrypted but not authenticated
2013-01-26 19:15:12,455 WARNING ssl-hostname-verification is disabled for this environment
2013-01-26 19:15:12,455 WARNING EC2 API calls encrypted but not authenticated
2013-01-26 19:15:12,455 WARNING S3 API calls encrypted but not authenticated
2013-01-26 19:15:12,456 WARNING Ubuntu Cloud Image lookups encrypted but not authenticated
2013-01-26 19:15:12,657 WARNING ssl-hostname-verification is disabled for this environment
2013-01-26 19:15:12,657 WARNING EC2 API calls encrypted but not authenticated
2013-01-26 19:15:12,657 WARNING S3 API calls encrypted but not authenticated
2013-01-26 19:15:12,657 WARNING Ubuntu Cloud Image lookups encrypted but not authenticated
2013-01-26 19:15:13,310 WARNING ssl-hostname-verification is disabled for this environment
2013-01-26 19:15:13,310 WARNING EC2 API calls encrypted but not authenticated
2013-01-26 19:15:13,311 WARNING S3 API calls encrypted but not authenticated
2013-01-26 19:15:13,311 WARNING Ubuntu Cloud Image lookups encrypted but not authenticated
2013-01-26 19:15:13,646 WARNING ssl-hostname-verification is disabled for this environment
2013-01-26 19:15:13,646 WARNING EC2 API calls encrypted but not authenticated
2013-01-26 19:15:13,646 WARNING S3 API calls encrypted but not authenticated
2013-01-26 19:15:13,646 WARNING Ubuntu Cloud Image lookups encrypted but not authenticated
2013-01-26 19:15:14,156 WARNING ssl-hostname-verification is disabled for this environment
2013-01-26 19:15:14,156 WARNING EC2 API calls encrypted but not authenticated
2013-01-26 19:15:14,156 WARNING S3 API calls encrypted but not authenticated
2013-01-26 19:15:14,156 WARNING Ubuntu Cloud Image lookups encrypted but not authenticated
2013-01-26 19:15:14,372 WARNING ssl-hostname-verification is disabled for this environment
2013-01-26 19:15:14,372 WARNING EC2 API calls encrypted but not authenticated
2013-01-26 19:15:14,373 WARNING S3 API calls encrypted but not authenticated
2013-01-26 19:15:14,373 WARNING Ubuntu Cloud Image lookups encrypted but not authenticated
2013-01-26 19:15:14,731 INFO Charm deployed as service: 'oscied-publisher'
2013-01-26 19:15:14,732 INFO 'deploy' command finished successfully
2013-01-26 19:15:14,975 WARNING ssl-hostname-verification is disabled for this environment
2013-01-26 19:15:14,976 WARNING EC2 API calls encrypted but not authenticated
2013-01-26 19:15:14,976 WARNING S3 API calls encrypted but not authenticated
2013-01-26 19:15:14,976 WARNING Ubuntu Cloud Image lookups encrypted but not authenticated
2013-01-26 19:15:14,976 INFO Connecting to environment...
2013-01-26 19:15:18,595 INFO Connected to environment.
2013-01-26 19:15:18,903 INFO Service 'oscied-publisher' was exposed.
2013-01-26 19:15:18,904 INFO 'expose' command finished successfully
Deploy haproxy (1 instance)
deploy it now [y/N] ?

RELATION STORAGE
Add-relation Storage <-> Transform
add it now [y/N] ?
y
2013-01-26 19:15:24,930 WARNING ssl-hostname-verification is disabled for this environment
2013-01-26 19:15:24,930 WARNING EC2 API calls encrypted but not authenticated
2013-01-26 19:15:24,930 WARNING S3 API calls encrypted but not authenticated
2013-01-26 19:15:24,930 WARNING Ubuntu Cloud Image lookups encrypted but not authenticated
2013-01-26 19:15:24,931 INFO Connecting to environment...
2013-01-26 19:15:28,432 INFO Connected to environment.
2013-01-26 19:15:29,799 INFO Added mount relation to all service units.
2013-01-26 19:15:29,799 INFO 'add_relation' command finished successfully
Add-relation Storage <-> Publisher
add it now [y/N] ?
y
2013-01-26 19:15:32,023 WARNING ssl-hostname-verification is disabled for this environment
2013-01-26 19:15:32,024 WARNING EC2 API calls encrypted but not authenticated
2013-01-26 19:15:32,024 WARNING S3 API calls encrypted but not authenticated
2013-01-26 19:15:32,024 WARNING Ubuntu Cloud Image lookups encrypted but not authenticated
2013-01-26 19:15:32,024 INFO Connecting to environment...
2013-01-26 19:15:35,716 INFO Connected to environment.
2013-01-26 19:15:37,114 INFO Added mount relation to all service units.
2013-01-26 19:15:37,114 INFO 'add_relation' command finished successfully
Add-relation Storage <-> Orchestra
add it now [y/N] ?
y
2013-01-26 19:15:41,349 WARNING ssl-hostname-verification is disabled for this environment
2013-01-26 19:15:41,349 WARNING EC2 API calls encrypted but not authenticated
2013-01-26 19:15:41,349 WARNING S3 API calls encrypted but not authenticated
2013-01-26 19:15:41,349 WARNING Ubuntu Cloud Image lookups encrypted but not authenticated
2013-01-26 19:15:41,350 INFO Connecting to environment...
2013-01-26 19:15:44,595 INFO Connected to environment.
2013-01-26 19:15:45,959 INFO Added mount relation to all service units.
2013-01-26 19:15:45,959 INFO 'add_relation' command finished successfully
Add-relation Storage <-> Web UI
add it now [y/N] ?
y
2013-01-26 19:15:48,705 WARNING ssl-hostname-verification is disabled for this environment
2013-01-26 19:15:48,705 WARNING EC2 API calls encrypted but not authenticated
2013-01-26 19:15:48,705 WARNING S3 API calls encrypted but not authenticated
2013-01-26 19:15:48,705 WARNING Ubuntu Cloud Image lookups encrypted but not authenticated
2013-01-26 19:15:48,705 INFO Connecting to environment...
2013-01-26 19:15:53,351 INFO Connected to environment.
2013-01-26 19:15:54,721 INFO Added mount relation to all service units.
2013-01-26 19:15:54,722 INFO 'add_relation' command finished successfully
RELATION ORCHESTRA
Add-relation Orchestra <-> Transform
add it now [y/N] ?
y
2013-01-26 19:15:56,933 WARNING ssl-hostname-verification is disabled for this environment
2013-01-26 19:15:56,933 WARNING EC2 API calls encrypted but not authenticated
2013-01-26 19:15:56,933 WARNING S3 API calls encrypted but not authenticated
2013-01-26 19:15:56,933 WARNING Ubuntu Cloud Image lookups encrypted but not authenticated
2013-01-26 19:15:56,934 INFO Connecting to environment...
2013-01-26 19:16:00,196 INFO Connected to environment.
2013-01-26 19:16:01,611 INFO Added subordinate relation to all service units.
2013-01-26 19:16:01,612 INFO 'add_relation' command finished successfully
Add-relation Publisher <-> Orchestra
add it now [y/N] ?
y
2013-01-26 19:16:04,051 WARNING ssl-hostname-verification is disabled for this environment
2013-01-26 19:16:04,051 WARNING EC2 API calls encrypted but not authenticated
2013-01-26 19:16:04,051 WARNING S3 API calls encrypted but not authenticated
2013-01-26 19:16:04,051 WARNING Ubuntu Cloud Image lookups encrypted but not authenticated
2013-01-26 19:16:04,052 INFO Connecting to environment...
2013-01-26 19:16:07,394 INFO Connected to environment.
2013-01-26 19:16:08,840 INFO Added subordinate relation to all service units.
2013-01-26 19:16:08,841 INFO 'add_relation' command finished successfully
Add-relation Orchestra <-> Web UI
add it now [y/N] ?
y
2013-01-26 19:16:11,504 WARNING ssl-hostname-verification is disabled for this environment
2013-01-26 19:16:11,504 WARNING EC2 API calls encrypted but not authenticated
2013-01-26 19:16:11,504 WARNING S3 API calls encrypted but not authenticated
2013-01-26 19:16:11,504 WARNING Ubuntu Cloud Image lookups encrypted but not authenticated
2013-01-26 19:16:11,505 INFO Connecting to environment...
2013-01-26 19:16:20,096 INFO Connected to environment.
2013-01-26 19:16:21,468 INFO Added orchestra relation to all service units.
2013-01-26 19:16:21,468 INFO 'add_relation' command finished successfully
RELATION HAPROXY
Add-relation haproxy <-> Web UI
add it now [y/N] ?

press any key to continue ...


aasdjkdahjkadjhkadkadsakj----------------------------------------------------------------------------------------------------------------------

Execute operation config
oscied-orchestra/0 -> ec2-54-243-17-171.compute-1.amazonaws.com
oscied-publisher/0 -> ec2-50-17-101-184.compute-1.amazonaws.com
oscied-storage/0 -> ec2-54-235-224-221.compute-1.amazonaws.com
oscied-transform/0 -> ec2-54-243-16-104.compute-1.amazonaws.com
oscied-webui/0 -> ec2-50-17-72-31.compute-1.amazonaws.com
Charms's units public URLs listing file updated !
press any key to continue ...

-----------------------------------------------------------------------------------------------------------------------------------------------------

Execute operation api_init_setup
Flush database
do you really want to flush orchestrator http://ec2-54-243-17-171.compute-1.amazonaws.com:5000 [y/N] ?
y

Test 200 : POST http://ec2-54-243-17-171.compute-1.amazonaws.com:5000/flush auth: root:5FrvHcm7oyF4WQFW
  % Total    % Received % Xferd  Average Speed   Time    Time     Time  Current
                                 Dload  Upload   Total   Spent    Left  Speed
100    56  100    56    0     0    162      0 --:--:-- --:--:-- --:--:--   466
{"status": 200, "value": "Orchestra database flushed !"}200

Add users
{"first_name":"David","last_name":"Fischer","mail":"d@f.com","secret":"detgdm3d1","admin_platform":true}

Test 200 : POST http://ec2-54-243-17-171.compute-1.amazonaws.com:5000/user auth: root:5FrvHcm7oyF4WQFW data: {"first_name":"David","last_name":"Fischer","mail":"d@f.com","secret":"detgdm3d1","admin_platform":true}
  % Total    % Received % Xferd  Average Speed   Time    Time     Time  Current
                                 Dload  Upload   Total   Spent    Left  Speed
100   292  100   188  100   104    745    412 --:--:-- --:--:-- --:--:--  1861
{"status": 200, "value": {"first_name": "David", "last_name": "Fischer", "name": "David Fischer", "admin_platform": true, "mail": "d@f.com", "_id": "0d3f5cab-3e93-45f9-809e-026e10195072"}}200

{"first_name":"Loïc","last_name":"Fischer","mail":"l@f.com","secret":"detgdm3d3","admin_platform":false}

Test 200 : POST http://ec2-54-243-17-171.compute-1.amazonaws.com:5000/user auth: root:5FrvHcm7oyF4WQFW data: {"first_name":"Loïc","last_name":"Fischer","mail":"l@f.com","secret":"detgdm3d3","admin_platform":false}
  % Total    % Received % Xferd  Average Speed   Time    Time     Time  Current
                                 Dload  Upload   Total   Spent    Left  Speed
100   302  100   197  100   105    692    369 --:--:-- --:--:-- --:--:--  1912
{"status": 200, "value": {"first_name": "Lo\u00efc", "last_name": "Fischer", "name": "Lo\u00efc Fischer", "admin_platform": false, "mail": "l@f.com", "_id": "835c170c-14dc-4ca8-93e5-3324535a1057"}}200

{"first_name":"Andrés","last_name":"Revuelta","mail":"a@r.com","secret":"detgdm3d4","admin_platform":false}

Test 200 : POST http://ec2-54-243-17-171.compute-1.amazonaws.com:5000/user auth: root:5FrvHcm7oyF4WQFW data: {"first_name":"Andrés","last_name":"Revuelta","mail":"a@r.com","secret":"detgdm3d4","admin_platform":false}
  % Total    % Received % Xferd  Average Speed   Time    Time     Time  Current
                                 Dload  Upload   Total   Spent    Left  Speed
100   311  100   203  100   108    763    405 --:--:-- --:--:-- --:--:--  1970
{"status": 200, "value": {"first_name": "Andr\u00e9s", "last_name": "Revuelta", "name": "Andr\u00e9s Revuelta", "admin_platform": false, "mail": "a@r.com", "_id": "729868ed-02b6-400f-a3bd-66b94d75dd8a"}}200

{"first_name":"Michaël","last_name":"Fischer","mail":"m@f.com","secret":"detgdm3d2","admin_platform":true}

Test 200 : POST http://ec2-54-243-17-171.compute-1.amazonaws.com:5000/user auth: root:5FrvHcm7oyF4WQFW data: {"first_name":"Michaël","last_name":"Fischer","mail":"m@f.com","secret":"detgdm3d2","admin_platform":true}
  % Total    % Received % Xferd  Average Speed   Time    Time     Time  Current
                                 Dload  Upload   Total   Spent    Left  Speed
100   309  100   202  100   107    780    413 --:--:-- --:--:-- --:--:--  1853
{"status": 200, "value": {"first_name": "Micha\u00ebl", "last_name": "Fischer", "name": "Micha\u00ebl Fischer", "admin_platform": true, "mail": "m@f.com", "_id": "d4ab97e1-f60e-49dc-911f-4150034cb44f"}}200

{"first_name":"Bram","last_name":"Tullemans","mail":"b@t.com","secret":"detgdm3d5","admin_platform":true}

Test 200 : POST http://ec2-54-243-17-171.compute-1.amazonaws.com:5000/user auth: root:5FrvHcm7oyF4WQFW data: {"first_name":"Bram","last_name":"Tullemans","mail":"b@t.com","secret":"detgdm3d5","admin_platform":true}
  % Total    % Received % Xferd  Average Speed   Time    Time     Time  Current
                                 Dload  Upload   Total   Spent    Left  Speed
100   295  100   190  100   105    747    413 --:--:-- --:--:-- --:--:--  1844
{"status": 200, "value": {"first_name": "Bram", "last_name": "Tullemans", "name": "Bram Tullemans", "admin_platform": true, "mail": "b@t.com", "_id": "ff473ebb-39fd-4964-93ac-5b7335cc6659"}}200

Add medias
Uploading media Project London - Official Trailer [2009].mp4 to uploads into shared storage unit ...
The authenticity of host 'ec2-54-235-224-221.compute-1.amazonaws.com (54.235.224.221)' can't be established.
ECDSA key fingerprint is 48:4b:05:05:d6:fa:76:5b:6a:22:63:81:56:4d:59:d4.
Are you sure you want to continue connecting (yes/no)? yes
Warning: Permanently added 'ec2-54-235-224-221.compute-1.amazonaws.com,54.235.224.221' (ECDSA) to the list of known hosts.
sending incremental file list
created directory /home/ubuntu/uploads
Project London - Official Trailer [2009].mp4
      54.87M 100%  487.52kB/s    0:01:49 (xfer#1, to-check=0/1)

sent 54.88M bytes  received 31 bytes  437.28K bytes/sec
total size is 54.87M  speedup is 1.00
sending incremental file list
./
Project London - Official Trailer [2009].mp4
      54.87M 100%   55.28MB/s    0:00:00 (xfer#1, to-check=0/2)

sent 54.88M bytes  received 34 bytes  36.59M bytes/sec
total size is 54.87M  speedup is 1.00
{"uri":"glusterfs://domU-12-31-39-09-4D-D2.compute-1.internal/medias_volume/uploads/Project London - Official Trailer [2009].mp4","virtual_filename":"Project_London_trailer_2009.mp4","metadata":{"title":"Project London - Official Trailer (2009)"}}

Test 200 : POST http://ec2-54-243-17-171.compute-1.amazonaws.com:5000/media auth: d@f.com:detgdm3d1 data: {"uri":"glusterfs://domU-12-31-39-09-4D-D2.compute-1.internal/medias_volume/uploads/Project London - Official Trailer [2009].mp4","virtual_filename":"Project_London_trailer_2009.mp4","metadata":{"title":"Project London - Official Trailer (2009)"}}
  % Total    % Received % Xferd  Average Speed   Time    Time     Time  Current
                                 Dload  Upload   Total   Spent    Left  Speed
100   788  100   541  100   247    142     65  0:00:03  0:00:03 --:--:--   149
{"status": 200, "value": {"status": "READY", "virtual_filename": "Project_London_trailer_2009.mp4", "user_id": "0d3f5cab-3e93-45f9-809e-026e10195072", "uri": "glusterfs://domU-12-31-39-09-4D-D2.compute-1.internal/medias_volume/medias/0d3f5cab-3e93-45f9-809e-026e10195072/e1e3dce8-2c1e-412a-8049-b763df7dbf48", "parent_id": null, "public_uris": null, "_id": "e1e3dce8-2c1e-412a-8049-b763df7dbf48", "metadata": {"duration": "00:02:44.88", "add_date": "2013-01-26 18:35", "size": 54871886, "title": "Project London - Official Trailer (2009)"}}}200

[ERROR] Unable to find media file /home/famille/David/prog/OSCIED/medias/Test/Psy - Gangnam Style.flv (code 1)

