Generate services configuration for local deployment
2013-03-08 18:57:01,408 INFO Connecting to environment...
2013-03-08 18:57:01,997 INFO Connected to environment.
2013-03-08 18:57:02,008 INFO Connecting to unit oscied-transform/0 at OSCIED-Node02.localdomain
2013-03-08 18:57:02,505 INFO Connecting to environment...
2013-03-08 18:57:03,099 INFO Connected to environment.
2013-03-08 18:57:03,110 INFO Connecting to unit oscied-transform/0 at OSCIED-Node02.localdomain
2013-03-08 18:57:03,648 INFO Connecting to environment...
2013-03-08 18:57:04,238 INFO Connected to environment.
2013-03-08 18:57:04,250 INFO Connecting to unit oscied-transform/0 at OSCIED-Node02.localdomain
x/ Deploy services on local computer
Deploy Transform (1 instance)
Using user define Transform configuration : /home/david/David/prog/OSCIED/config/juju/osciedDemo_local.yaml
2013-03-08 18:57:04,786 INFO Searching for charm local:precise/oscied-transform in local charm repository: /mnt/DavidRUG/david/David/prog/OSCIED/components/juju/charms
2013-03-08 18:57:05,124 INFO Charm deployed as service: 'oscied-transform'
2013-03-08 18:57:05,125 INFO 'deploy' command finished successfully
Deploy Publisher (1 instance)
Using user define Publisher configuration : /home/david/David/prog/OSCIED/config/juju/osciedDemo_local.yaml
2013-03-08 18:57:05,349 INFO Searching for charm local:precise/oscied-publisher in local charm repository: /mnt/DavidRUG/david/David/prog/OSCIED/components/juju/charms
2013-03-08 18:57:05,569 INFO Charm deployed as service: 'oscied-publisher'
2013-03-08 18:57:05,570 INFO 'deploy' command finished successfully
2013-03-08 18:57:05,814 INFO Service 'oscied-publisher' was exposed.
2013-03-08 18:57:05,814 INFO 'expose' command finished successfully
press any key to continue ...
