** System Configuration
Install prefix: /usr/local
Source path: /var/lib/juju/units/oscied-transform-1/charm/gpac
C   compiler: gcc
C++ compiler: g++
make: make
CPU: x86_64
Big Endian: no

** GPAC 0.5.1-DEV rev Core Configuration **
debug version: no
GProf enabled: no
Static build enabled: no
Memory tracking enabled: no
Use standard memory allocator: no
Fixed-Point Version: no
IPV6 Support: yes
Static Modules: no

** Detected libraries **
zlib: system
OSS Audio: yes
ALSA Audio: no
Jack Audio: no
PulseAudio Audio: no
DirectFB support: no
X11 Shared Memory support: no (path: /usr/X11R6)
X11 XVideo support: no
SDL Support: no
OpenGL support: no
TinyGL support: no
OpenSSL support: no
Mozilla XUL/GECKO support: no
DVB Support: yes
XMLRPC Support: no
wxWidgets support: no

** Extra Libraries used **
SpiderMonkey: no
FreeType: no
JPEG: no
OpenJPEG: no
PNG: no
MAD: no
FAAD: no
XVID: no
FFMPEG: system
Xiph OGG: no
Platinum UPnP: no
AVCap: no
A52 (AC3): no
OpenSVCDecoder: no
OpenHEVCDecoder: no
Freenect: no

Creating config.mak
config.h is unchanged
Done - type 'make help' for make info, 'make' to build
