┌──────────────────────────────────────────────────────────────────────────────┐
│ Please select a deployment scenario                                          │  
│ ┌──────────────────────────────────────────────────────────────────────────┐ │  
│ │   osciedAmazon  Launch_oscied_(minimal_setup)_on_Amazon                  │ │  
│ │   osciedDemo    Launch_oscied_demo_setup_(MaaS_Cluster,_Local,_Amazon)   │ │  
│ │   osciedLocal   Launch_oscied_(minimal_setup)_locally_(LXC_provider)     │ │  
│ └──────────────────────────────────────────────────────────────────────────┘ │  
│                                                                              │  
│                                                                              │  
├──────────────────────────────────────────────────────────────────────────────┤  
│                       <Accepter>            <Annuler >                       │  
└──────────────────────────────────────────────────────────────────────────────┘  

Deploy on MaaS Cluster [y/N] ?

Deploy on Local Computer [y/N] ?

Deploy on Bernex Computer [y/N] ?

Deploy on Amazon [y/N] ?
y
4/4 Deploy services on Amazon
Cleanup and bootstrap juju amazon environment
do it now [y/N] ?
y
2013-03-09 18:37:06,196 WARNING ssl-hostname-verification is disabled for this environment
2013-03-09 18:37:06,196 WARNING EC2 API calls encrypted but not authenticated
2013-03-09 18:37:06,196 WARNING S3 API calls encrypted but not authenticated
2013-03-09 18:37:06,196 WARNING Ubuntu Cloud Image lookups encrypted but not authenticated
WARNING: this command will destroy the 'amazon' environment (type: ec2).
This includes all machines, services, data, and other resources. Continue [y/N] y
2013-03-09 18:37:07,042 INFO Destroying environment 'amazon' (type: ec2)...
2013-03-09 18:37:08,505 INFO 'destroy_environment' command finished successfully
2013-03-09 18:37:08,721 WARNING ssl-hostname-verification is disabled for this environment
2013-03-09 18:37:08,721 WARNING EC2 API calls encrypted but not authenticated
2013-03-09 18:37:08,721 WARNING S3 API calls encrypted but not authenticated
2013-03-09 18:37:08,722 WARNING Ubuntu Cloud Image lookups encrypted but not authenticated
2013-03-09 18:37:08,722 INFO Bootstrapping environment 'amazon' (origin: ppa type: ec2)...
2013-03-09 18:37:11,532 INFO 'bootstrap' command finished successfully
[WARNING] Continue only when services deployed on the MaaS cluster are up and ready !
press any key to continue ...

Gather services configuration for amazon deployment
Is Orchestra behind a NAT/FW [Y/n] ?

Please enter orchestra api public (NATed) socket [129.194.185.47:5000] ?

Is Storage behind a NAT/FW [Y/n] ?

Please enter storage public (NATed) IP address [129.194.185.47] ?

Generate services configuration for amazon deployment
2013-03-09 18:37:49,331 INFO Connecting to environment...
2013-03-09 18:37:49,920 INFO Connected to environment.
2013-03-09 18:37:49,931 INFO Connecting to unit oscied-transform/0 at OSCIED-Node02.localdomain
2013-03-09 18:37:50,602 INFO Connecting to environment...
2013-03-09 18:37:51,183 INFO Connected to environment.
2013-03-09 18:37:51,200 INFO Connecting to unit oscied-transform/0 at OSCIED-Node02.localdomain
2013-03-09 18:37:51,740 INFO Connecting to environment...
2013-03-09 18:37:52,321 INFO Connected to environment.
2013-03-09 18:37:52,332 INFO Connecting to unit oscied-transform/0 at OSCIED-Node02.localdomain
oscied-publisher:
  verbose: "true"
  concurrency: 2
  rabbit_queues: "publisher_amazon"
  max_upload_size: 4294967296
  max_execution_time: 180
  max_input_time: 600
  mongo_connection: "mongodb://nodes:M2qlif8rdtKtBYil@129.194.185.47:27017/celery"
  rabbit_connection: "amqp://nodes:OZy23iO0D4UpYS2k@129.194.185.47:5672/celery"
  api_nat_socket: "129.194.185.47:5000"
  storage_ip: "OSCIED-Node02.localdomain"
  storage_nat_ip: "129.194.185.47"
  storage_fstype: "glusterfs"
  storage_mountpoint: "medias_volume"
  storage_options: ""
oscied-transform:
  verbose: "true"
  concurrency: 1
  rabbit_queues: "transform_amazon"
  mongo_connection: "mongodb://nodes:M2qlif8rdtKtBYil@129.194.185.47:27017/celery"
  rabbit_connection: "amqp://nodes:OZy23iO0D4UpYS2k@129.194.185.47:5672/celery"
  api_nat_socket: "129.194.185.47:5000"
  storage_ip: "OSCIED-Node02.localdomain"
  storage_nat_ip: "129.194.185.47"
  storage_fstype: "glusterfs"
  storage_mountpoint: "medias_volume"
  storage_options: ""
deploy with this configuration [Y/n] ?

Deploy Transform (1 instance)
Using user define Transform configuration : /home/david/David/prog/OSCIED/config/juju/osciedDemo_amazon.yaml
2013-03-09 18:40:18,919 INFO Searching for charm local:precise/oscied-transform in local charm repository: /mnt/DavidRUG/david/David/prog/OSCIED/components/juju/charms
2013-03-09 18:40:18,937 WARNING ssl-hostname-verification is disabled for this environment
2013-03-09 18:40:18,937 WARNING EC2 API calls encrypted but not authenticated
2013-03-09 18:40:18,938 WARNING S3 API calls encrypted but not authenticated
2013-03-09 18:40:18,938 WARNING Ubuntu Cloud Image lookups encrypted but not authenticated
2013-03-09 18:40:18,938 INFO Connecting to environment...
The authenticity of host 'ec2-50-19-54-157.compute-1.amazonaws.com (50.19.54.157)' can't be established.
ECDSA key fingerprint is 19:5f:17:bd:c3:9a:70:f4:78:27:ff:6f:1f:d9:f2:87.
Are you sure you want to continue connecting (yes/no)? yes
2013-03-09 18:41:31,078 INFO Connected to environment.
2013-03-09 18:41:31,079 WARNING ssl-hostname-verification is disabled for this environment
2013-03-09 18:41:31,079 WARNING EC2 API calls encrypted but not authenticated
2013-03-09 18:41:31,079 WARNING S3 API calls encrypted but not authenticated
2013-03-09 18:41:31,079 WARNING Ubuntu Cloud Image lookups encrypted but not authenticated
2013-03-09 18:41:33,884 WARNING ssl-hostname-verification is disabled for this environment
2013-03-09 18:41:33,884 WARNING EC2 API calls encrypted but not authenticated
2013-03-09 18:41:33,884 WARNING S3 API calls encrypted but not authenticated
2013-03-09 18:41:33,884 WARNING Ubuntu Cloud Image lookups encrypted but not authenticated
2013-03-09 18:41:34,080 WARNING ssl-hostname-verification is disabled for this environment
2013-03-09 18:41:34,080 WARNING EC2 API calls encrypted but not authenticated
2013-03-09 18:41:34,080 WARNING S3 API calls encrypted but not authenticated
2013-03-09 18:41:34,080 WARNING Ubuntu Cloud Image lookups encrypted but not authenticated
2013-03-09 18:41:34,672 WARNING ssl-hostname-verification is disabled for this environment
2013-03-09 18:41:34,672 WARNING EC2 API calls encrypted but not authenticated
2013-03-09 18:41:34,672 WARNING S3 API calls encrypted but not authenticated
2013-03-09 18:41:34,672 WARNING Ubuntu Cloud Image lookups encrypted but not authenticated
2013-03-09 18:41:34,964 WARNING ssl-hostname-verification is disabled for this environment
2013-03-09 18:41:34,964 WARNING EC2 API calls encrypted but not authenticated
2013-03-09 18:41:34,964 WARNING S3 API calls encrypted but not authenticated
2013-03-09 18:41:34,964 WARNING Ubuntu Cloud Image lookups encrypted but not authenticated
2013-03-09 18:41:35,456 WARNING ssl-hostname-verification is disabled for this environment
2013-03-09 18:41:35,456 WARNING EC2 API calls encrypted but not authenticated
2013-03-09 18:41:35,456 WARNING S3 API calls encrypted but not authenticated
2013-03-09 18:41:35,456 WARNING Ubuntu Cloud Image lookups encrypted but not authenticated
2013-03-09 18:41:35,651 WARNING ssl-hostname-verification is disabled for this environment
2013-03-09 18:41:35,651 WARNING EC2 API calls encrypted but not authenticated
2013-03-09 18:41:35,651 WARNING S3 API calls encrypted but not authenticated
2013-03-09 18:41:35,652 WARNING Ubuntu Cloud Image lookups encrypted but not authenticated
2013-03-09 18:41:35,947 INFO Charm deployed as service: 'oscied-transform'
2013-03-09 18:41:35,948 INFO 'deploy' command finished successfully
Deploy Publisher (1 instance)
Using user define Publisher configuration : /home/david/David/prog/OSCIED/config/juju/osciedDemo_amazon.yaml
2013-03-09 18:41:36,168 INFO Searching for charm local:precise/oscied-publisher in local charm repository: /mnt/DavidRUG/david/David/prog/OSCIED/components/juju/charms
2013-03-09 18:41:36,186 WARNING ssl-hostname-verification is disabled for this environment
2013-03-09 18:41:36,186 WARNING EC2 API calls encrypted but not authenticated
2013-03-09 18:41:36,186 WARNING S3 API calls encrypted but not authenticated
2013-03-09 18:41:36,187 WARNING Ubuntu Cloud Image lookups encrypted but not authenticated
2013-03-09 18:41:36,187 INFO Connecting to environment...
2013-03-09 18:41:39,189 INFO Connected to environment.
2013-03-09 18:41:39,190 WARNING ssl-hostname-verification is disabled for this environment
2013-03-09 18:41:39,190 WARNING EC2 API calls encrypted but not authenticated
2013-03-09 18:41:39,190 WARNING S3 API calls encrypted but not authenticated
2013-03-09 18:41:39,190 WARNING Ubuntu Cloud Image lookups encrypted but not authenticated
2013-03-09 18:41:42,527 WARNING ssl-hostname-verification is disabled for this environment
2013-03-09 18:41:42,527 WARNING EC2 API calls encrypted but not authenticated
2013-03-09 18:41:42,527 WARNING S3 API calls encrypted but not authenticated
2013-03-09 18:41:42,527 WARNING Ubuntu Cloud Image lookups encrypted but not authenticated
2013-03-09 18:41:42,722 WARNING ssl-hostname-verification is disabled for this environment
2013-03-09 18:41:42,722 WARNING EC2 API calls encrypted but not authenticated
2013-03-09 18:41:42,722 WARNING S3 API calls encrypted but not authenticated
2013-03-09 18:41:42,722 WARNING Ubuntu Cloud Image lookups encrypted but not authenticated
2013-03-09 18:41:43,315 WARNING ssl-hostname-verification is disabled for this environment
2013-03-09 18:41:43,315 WARNING EC2 API calls encrypted but not authenticated
2013-03-09 18:41:43,315 WARNING S3 API calls encrypted but not authenticated
2013-03-09 18:41:43,315 WARNING Ubuntu Cloud Image lookups encrypted but not authenticated
2013-03-09 18:41:43,608 WARNING ssl-hostname-verification is disabled for this environment
2013-03-09 18:41:43,608 WARNING EC2 API calls encrypted but not authenticated
2013-03-09 18:41:43,608 WARNING S3 API calls encrypted but not authenticated
2013-03-09 18:41:43,608 WARNING Ubuntu Cloud Image lookups encrypted but not authenticated
2013-03-09 18:41:44,107 WARNING ssl-hostname-verification is disabled for this environment
2013-03-09 18:41:44,107 WARNING EC2 API calls encrypted but not authenticated
2013-03-09 18:41:44,107 WARNING S3 API calls encrypted but not authenticated
2013-03-09 18:41:44,107 WARNING Ubuntu Cloud Image lookups encrypted but not authenticated
2013-03-09 18:41:44,303 WARNING ssl-hostname-verification is disabled for this environment
2013-03-09 18:41:44,303 WARNING EC2 API calls encrypted but not authenticated
2013-03-09 18:41:44,303 WARNING S3 API calls encrypted but not authenticated
2013-03-09 18:41:44,303 WARNING Ubuntu Cloud Image lookups encrypted but not authenticated
2013-03-09 18:41:44,601 INFO Charm deployed as service: 'oscied-publisher'
2013-03-09 18:41:44,602 INFO 'deploy' command finished successfully
2013-03-09 18:41:44,811 WARNING ssl-hostname-verification is disabled for this environment
2013-03-09 18:41:44,811 WARNING EC2 API calls encrypted but not authenticated
2013-03-09 18:41:44,811 WARNING S3 API calls encrypted but not authenticated
2013-03-09 18:41:44,811 WARNING Ubuntu Cloud Image lookups encrypted but not authenticated
2013-03-09 18:41:44,812 INFO Connecting to environment...
2013-03-09 18:41:48,461 INFO Connected to environment.
2013-03-09 18:41:48,755 INFO Service 'oscied-publisher' was exposed.
2013-03-09 18:41:48,756 INFO 'expose' command finished successfully
press any key to continue ...
