Deploy on MaaS Cluster [y/N] ?

Deploy on Local Computer [y/N] ?

Deploy on Bernex Computer [y/N] ?
y
3/4 Deploy services (LXC containers) into David's Home Computer at Bernex
Cleanup and bootstrap juju bernex environment
WARNING: this command will destroy the 'bernex' environment (type: local).
This includes all machines, services, data, and other resources. Continue [y/N] y
2013-03-09 15:02:14,147 INFO Destroying environment 'bernex' (type: local)...
2013-03-09 15:02:14,147 INFO Destroying unit containers...
2013-03-09 15:02:19,216 INFO 'destroy_environment' command finished successfully
2013-03-09 15:02:19,470 INFO Bootstrapping environment 'bernex' (origin: ppa type: local)...
2013-03-09 15:02:19,471 INFO Checking for required packages...
2013-03-09 15:02:19,912 INFO Starting networking...
2013-03-09 15:02:19,927 INFO Starting ZooKeeper...
2013-03-09 15:02:19,936 INFO Starting storage server...
2013-03-09 15:02:25,406 INFO Initializing zookeeper hierarchy
2013-03-09 15:02:25,573 INFO Starting machine agent (origin: ppa)... 
2013-03-09 15:02:25,820 INFO Environment bootstrapped
2013-03-09 15:02:25,821 INFO 'bootstrap' command finished successfully
[WARNING] Continue only when services deployed on the MaaS cluster are up and ready !
press any key to continue ...

Gather services configuration for bernex deployment
Please enter storage internal IP address [OSCIED-Node02.localdomain] ?

Please enter orchestra api public (NATed) socket [129.194.185.47:5000] ?

Please enter storage public (NATed) IP address [129.194.185.47] ?

Please enter MongoDB connection [mongodb://nodes:M2qlif8rdtKtBYil@129.194.185.47:27017/celery] ?

Please enter RabbitMQ connection [amqp://nodes:OZy23iO0D4UpYS2k@129.194.185.47:5672/celery] ?

Deploy Transform (1 instance)
Using user define Transform configuration : /home/famille/David/prog/OSCIED/config/juju/osciedDemo_bernex.yaml
2013-03-09 15:02:35,589 INFO Searching for charm local:precise/oscied-transform in local charm repository: /home/famille/David/prog/OSCIED/components/juju/charms
2013-03-09 15:02:35,795 INFO Charm deployed as service: 'oscied-transform'
2013-03-09 15:02:35,795 INFO 'deploy' command finished successfully

