Execute operation api_init_setup
Flush database
do you really want to flush orchestrator http://OSCIED-Node01.localdomain:5000 [y/N] ?
y

Test 200 : POST http://OSCIED-Node01.localdomain:5000/flush auth: root:5FrvHcm7oyF4WQFW
  % Total    % Received % Xferd  Average Speed   Time    Time     Time  Current
                                 Dload  Upload   Total   Spent    Left  Speed
100    56  100    56    0     0   6932      0 --:--:-- --:--:-- --:--:-- 14000
{"status": 200, "value": "Orchestra database flushed !"}200

Add users
{"first_name":"David","last_name":"Fischer","mail":"d@f.com","secret":"detgdm3D1","admin_platform":true}

Test 200 : POST http://OSCIED-Node01.localdomain:5000/user auth: root:5FrvHcm7oyF4WQFW data: {"first_name":"David","last_name":"Fischer","mail":"d@f.com","secret":"detgdm3D1","admin_platform":true}
  % Total    % Received % Xferd  Average Speed   Time    Time     Time  Current
                                 Dload  Upload   Total   Spent    Left  Speed
100   292  100   188  100   104  33274  18407 --:--:-- --:--:-- --:--:-- 94000
{"status": 200, "value": {"first_name": "David", "last_name": "Fischer", "name": "David Fischer", "admin_platform": true, "mail": "d@f.com", "_id": "ec6373ca-0b21-4394-ab64-2183f64585dc"}}200

{"first_name":"Loïc","last_name":"Fischer","mail":"l@f.com","secret":"detgdm3D3","admin_platform":false}

Test 200 : POST http://OSCIED-Node01.localdomain:5000/user auth: root:5FrvHcm7oyF4WQFW data: {"first_name":"Loïc","last_name":"Fischer","mail":"l@f.com","secret":"detgdm3D3","admin_platform":false}
  % Total    % Received % Xferd  Average Speed   Time    Time     Time  Current
                                 Dload  Upload   Total   Spent    Left  Speed
100   302  100   197  100   105  32795  17479 --:--:-- --:--:-- --:--:-- 65666
{"status": 200, "value": {"first_name": "Lo\u00efc", "last_name": "Fischer", "name": "Lo\u00efc Fischer", "admin_platform": false, "mail": "l@f.com", "_id": "cc5207ef-90fd-4a6f-8dc7-0f5c8393a835"}}200

{"first_name":"Andrés","last_name":"Revuelta","mail":"a@r.com","secret":"detgdm3D4","admin_platform":false}

Test 200 : POST http://OSCIED-Node01.localdomain:5000/user auth: root:5FrvHcm7oyF4WQFW data: {"first_name":"Andrés","last_name":"Revuelta","mail":"a@r.com","secret":"detgdm3D4","admin_platform":false}
  % Total    % Received % Xferd  Average Speed   Time    Time     Time  Current
                                 Dload  Upload   Total   Spent    Left  Speed
100   311  100   203  100   108  36334  19330 --:--:-- --:--:-- --:--:--   99k
{"status": 200, "value": {"first_name": "Andr\u00e9s", "last_name": "Revuelta", "name": "Andr\u00e9s Revuelta", "admin_platform": false, "mail": "a@r.com", "_id": "ed7c9480-f7f2-4800-bc4a-b32fc014e237"}}200

{"first_name":"Michaël","last_name":"Fischer","mail":"m@f.com","secret":"detgdm3D2","admin_platform":true}

Test 200 : POST http://OSCIED-Node01.localdomain:5000/user auth: root:5FrvHcm7oyF4WQFW data: {"first_name":"Michaël","last_name":"Fischer","mail":"m@f.com","secret":"detgdm3D2","admin_platform":true}
  % Total    % Received % Xferd  Average Speed   Time    Time     Time  Current
                                 Dload  Upload   Total   Spent    Left  Speed
100   309  100   202  100   107  29536  15645 --:--:-- --:--:-- --:--:-- 67333
{"status": 200, "value": {"first_name": "Micha\u00ebl", "last_name": "Fischer", "name": "Micha\u00ebl Fischer", "admin_platform": true, "mail": "m@f.com", "_id": "3a26ee5e-7702-4665-b711-ac75880324c0"}}200

{"first_name":"Bram","last_name":"Tullemans","mail":"b@t.com","secret":"detgdm3D5","admin_platform":true}

Test 200 : POST http://OSCIED-Node01.localdomain:5000/user auth: root:5FrvHcm7oyF4WQFW data: {"first_name":"Bram","last_name":"Tullemans","mail":"b@t.com","secret":"detgdm3D5","admin_platform":true}
  % Total    % Received % Xferd  Average Speed   Time    Time     Time  Current
                                 Dload  Upload   Total   Spent    Left  Speed
100   295  100   190  100   105  27928  15434 --:--:-- --:--:-- --:--:-- 95000
{"status": 200, "value": {"first_name": "Bram", "last_name": "Tullemans", "name": "Bram Tullemans", "admin_platform": true, "mail": "b@t.com", "_id": "adbcb02c-cd99-47df-8771-229eeab299fc"}}200

Add medias
Uploading media Project London - Official Trailer [2009].mp4 to uploads into shared storage unit ...
sending incremental file list

sent 85 bytes  received 12 bytes  194.00 bytes/sec
total size is 54.87M  speedup is 565689.55
sending incremental file list
./

sent 145 bytes  received 21 bytes  332.00 bytes/sec
total size is 238.06M  speedup is 1434110.61
{"uri":"glusterfs://OSCIED-Node02.localdomain/medias_volume/uploads/Project London - Official Trailer [2009].mp4","virtual_filename":"Project_London_trailer_2009.mp4","metadata":{"title":"Project London - Official Trailer (2009)"}}

Test 200 : POST http://OSCIED-Node01.localdomain:5000/media auth: d@f.com:detgdm3D1 data: {"uri":"glusterfs://OSCIED-Node02.localdomain/medias_volume/uploads/Project London - Official Trailer [2009].mp4","virtual_filename":"Project_London_trailer_2009.mp4","metadata":{"title":"Project London - Official Trailer (2009)"}}
  % Total    % Received % Xferd  Average Speed   Time    Time     Time  Current
                                 Dload  Upload   Total   Spent    Left  Speed
100   759  100   528  100   231    255    111  0:00:02  0:00:02 --:--:--   255
{"status": 200, "value": {"status": "READY", "virtual_filename": "Project_London_trailer_2009.mp4", "user_id": "ec6373ca-0b21-4394-ab64-2183f64585dc", "uri": "glusterfs://OSCIED-Node02.localdomain/medias_volume/medias/ec6373ca-0b21-4394-ab64-2183f64585dc/158b42b6-2961-4dc7-9c76-4ff6dd407bb0", "parent_id": null, "public_uris": null, "_id": "158b42b6-2961-4dc7-9c76-4ff6dd407bb0", "metadata": {"duration": "00:02:44.88", "add_date": "2013-03-09 19:49:10", "size": 54871886, "title": "Project London - Official Trailer (2009)"}}}200

Uploading media Psy - Gangnam Style.flv to uploads into shared storage unit ...
sending incremental file list

sent 64 bytes  received 12 bytes  152.00 bytes/sec
total size is 183.19M  speedup is 2410400.99
sending incremental file list
./
Project London - Official Trailer [2009].mp4
      54.87M 100%  205.09MB/s    0:00:00 (xfer#1, to-check=1/3)

sent 54.88M bytes  received 37 bytes  109.76M bytes/sec
total size is 238.06M  speedup is 4.34
{"uri":"glusterfs://OSCIED-Node02.localdomain/medias_volume/uploads/Psy - Gangnam Style.flv","virtual_filename":"Psy_gangnam_style.flv","metadata":{"title":"Psy - Gangnam Style"}}

Test 200 : POST http://OSCIED-Node01.localdomain:5000/media auth: d@f.com:detgdm3D1 data: {"uri":"glusterfs://OSCIED-Node02.localdomain/medias_volume/uploads/Psy - Gangnam Style.flv","virtual_filename":"Psy_gangnam_style.flv","metadata":{"title":"Psy - Gangnam Style"}}
  % Total    % Received % Xferd  Average Speed   Time    Time     Time  Current
                                 Dload  Upload   Total   Spent    Left  Speed
100   677  100   498  100   179    239     85  0:00:02  0:00:02 --:--:--   239
{"status": 200, "value": {"status": "READY", "virtual_filename": "Psy_gangnam_style.flv", "user_id": "ec6373ca-0b21-4394-ab64-2183f64585dc", "uri": "glusterfs://OSCIED-Node02.localdomain/medias_volume/medias/ec6373ca-0b21-4394-ab64-2183f64585dc/ac6037e0-663a-4b87-9ecb-2d86ca071a52", "parent_id": null, "public_uris": null, "_id": "ac6037e0-663a-4b87-9ecb-2d86ca071a52", "metadata": {"duration": "00:04:12.16", "add_date": "2013-03-09 19:49:13", "size": 183190475, "title": "Psy - Gangnam Style"}}}200

Uploading media big_buck_bunny_720p_h264.mp4 to uploads into shared storage unit ...
sending incremental file list
big_buck_bunny_720p_h264.mp4
     229.35M 100%   28.40MB/s    0:00:07 (xfer#1, to-check=0/1)

sent 229.38M bytes  received 31 bytes  26.99M bytes/sec
total size is 229.35M  speedup is 1.00
sending incremental file list
./
Psy - Gangnam Style.flv
     183.19M 100%  213.28MB/s    0:00:00 (xfer#1, to-check=1/4)
big_buck_bunny_720p_h264.mp4
     229.35M 100%  117.53MB/s    0:00:01 (xfer#2, to-check=0/4)

sent 412.59M bytes  received 56 bytes  165.04M bytes/sec
total size is 467.42M  speedup is 1.13
{"uri":"glusterfs://OSCIED-Node02.localdomain/medias_volume/uploads/big_buck_bunny_720p_h264.mp4","virtual_filename":"big_buck_bunny_720p_h264.mp4","metadata":{"title":"Big Buck Bunny 720p H.264 MP4"}}

Test 200 : POST http://OSCIED-Node01.localdomain:5000/media auth: d@f.com:detgdm3D1 data: {"uri":"glusterfs://OSCIED-Node02.localdomain/medias_volume/uploads/big_buck_bunny_720p_h264.mp4","virtual_filename":"big_buck_bunny_720p_h264.mp4","metadata":{"title":"Big Buck Bunny 720p H.264 MP4"}}
  % Total    % Received % Xferd  Average Speed   Time    Time     Time  Current
                                 Dload  Upload   Total   Spent    Left  Speed
100   716  100   515  100   201    251     98  0:00:02  0:00:02 --:--:--   251
{"status": 200, "value": {"status": "READY", "virtual_filename": "big_buck_bunny_720p_h264.mp4", "user_id": "ec6373ca-0b21-4394-ab64-2183f64585dc", "uri": "glusterfs://OSCIED-Node02.localdomain/medias_volume/medias/ec6373ca-0b21-4394-ab64-2183f64585dc/da3bc3a2-700a-45d4-afbc-b4aabef34a12", "parent_id": null, "public_uris": null, "_id": "da3bc3a2-700a-45d4-afbc-b4aabef34a12", "metadata": {"duration": "00:09:56.50", "add_date": "2013-03-09 19:49:26", "size": 229353662, "title": "Big Buck Bunny 720p H.264 MP4"}}}200

Uploading media tears_of_steel_720p.mkv to uploads into shared storage unit ...
sending incremental file list
tears_of_steel_720p.mkv
     382.49M 100%   32.75MB/s    0:00:11 (xfer#1, to-check=0/1)

sent 382.53M bytes  received 31 bytes  30.60M bytes/sec
total size is 382.49M  speedup is 1.00
sending incremental file list
./
big_buck_bunny_720p_h264.mp4
     229.35M 100%  213.16MB/s    0:00:01 (xfer#1, to-check=1/5)
tears_of_steel_720p.mkv
     382.49M 100%  209.52MB/s    0:00:01 (xfer#2, to-check=0/5)

sent 611.91M bytes  received 59 bytes  174.83M bytes/sec
total size is 849.90M  speedup is 1.39
{"uri":"glusterfs://OSCIED-Node02.localdomain/medias_volume/uploads/tears_of_steel_720p.mkv","virtual_filename":"tears_of_steel_720p.mkv","metadata":{"title":"Tears of Steel 720p MKV"}}

Test 200 : POST http://OSCIED-Node01.localdomain:5000/media auth: d@f.com:detgdm3D1 data: {"uri":"glusterfs://OSCIED-Node02.localdomain/medias_volume/uploads/tears_of_steel_720p.mkv","virtual_filename":"tears_of_steel_720p.mkv","metadata":{"title":"Tears of Steel 720p MKV"}}
  % Total    % Received % Xferd  Average Speed   Time    Time     Time  Current
                                 Dload  Upload   Total   Spent    Left  Speed
100   689  100   504  100   185    244     89  0:00:02  0:00:02 --:--:--   245
{"status": 200, "value": {"status": "READY", "virtual_filename": "tears_of_steel_720p.mkv", "user_id": "ec6373ca-0b21-4394-ab64-2183f64585dc", "uri": "glusterfs://OSCIED-Node02.localdomain/medias_volume/medias/ec6373ca-0b21-4394-ab64-2183f64585dc/54d5ca6a-4c69-4f79-854f-4382f2d9e6a5", "parent_id": null, "public_uris": null, "_id": "54d5ca6a-4c69-4f79-854f-4382f2d9e6a5", "metadata": {"duration": "00:12:14.16", "add_date": "2013-03-09 19:49:43", "size": 382485247, "title": "Tears of Steel 720p MKV"}}}200

Uploading media tears_of_steel_720p.mov to uploads into shared storage unit ...
sending incremental file list
tears_of_steel_720p.mov
     372.18M 100%   33.75MB/s    0:00:10 (xfer#1, to-check=0/1)

sent 372.22M bytes  received 31 bytes  32.37M bytes/sec
total size is 372.18M  speedup is 1.00
sending incremental file list
./
tears_of_steel_720p.mkv
     382.49M 100%  212.30MB/s    0:00:01 (xfer#1, to-check=1/6)
tears_of_steel_720p.mov
     372.18M 100%  144.75MB/s    0:00:02 (xfer#2, to-check=0/6)

sent 754.76M bytes  received 62 bytes  215.64M bytes/sec
total size is 1.22G  speedup is 1.62
{"uri":"glusterfs://OSCIED-Node02.localdomain/medias_volume/uploads/tears_of_steel_720p.mov","virtual_filename":"tears_of_steel_720p.mov","metadata":{"title":"Tears of Steel 720p MOV"}}

Test 200 : POST http://OSCIED-Node01.localdomain:5000/media auth: d@f.com:detgdm3D1 data: {"uri":"glusterfs://OSCIED-Node02.localdomain/medias_volume/uploads/tears_of_steel_720p.mov","virtual_filename":"tears_of_steel_720p.mov","metadata":{"title":"Tears of Steel 720p MOV"}}
  % Total    % Received % Xferd  Average Speed   Time    Time     Time  Current
                                 Dload  Upload   Total   Spent    Left  Speed
100   689  100   504  100   185    245     89  0:00:02  0:00:02 --:--:--   245
{"status": 200, "value": {"status": "READY", "virtual_filename": "tears_of_steel_720p.mov", "user_id": "ec6373ca-0b21-4394-ab64-2183f64585dc", "uri": "glusterfs://OSCIED-Node02.localdomain/medias_volume/medias/ec6373ca-0b21-4394-ab64-2183f64585dc/a534ef8f-c779-4c08-b01a-334de221df61", "parent_id": null, "public_uris": null, "_id": "a534ef8f-c779-4c08-b01a-334de221df61", "metadata": {"duration": "00:12:14.16", "add_date": "2013-03-09 19:50:01", "size": 372178639, "title": "Tears of Steel 720p MOV"}}}200

Uploading media tears_of_steel_720p.mp4 to uploads into shared storage unit ...
sending incremental file list
tears_of_steel_720p.mp4
     245.90M 100%   35.92MB/s    0:00:06 (xfer#1, to-check=0/1)

sent 245.93M bytes  received 31 bytes  32.79M bytes/sec
total size is 245.90M  speedup is 1.00
sending incremental file list
./
tears_of_steel_720p.mov
     372.18M 100%  210.13MB/s    0:00:01 (xfer#1, to-check=1/7)
tears_of_steel_720p.mp4
     245.90M 100%  131.52MB/s    0:00:01 (xfer#2, to-check=0/7)

sent 618.15M bytes  received 65 bytes  176.61M bytes/sec
total size is 1.47G  speedup is 2.37
{"uri":"glusterfs://OSCIED-Node02.localdomain/medias_volume/uploads/tears_of_steel_720p.mp4","virtual_filename":"tears_of_steel_720p.mp4","metadata":{"title":"Tears of Steel 720p MP4"}}

Test 200 : POST http://OSCIED-Node01.localdomain:5000/media auth: d@f.com:detgdm3D1 data: {"uri":"glusterfs://OSCIED-Node02.localdomain/medias_volume/uploads/tears_of_steel_720p.mp4","virtual_filename":"tears_of_steel_720p.mp4","metadata":{"title":"Tears of Steel 720p MP4"}}
  % Total    % Received % Xferd  Average Speed   Time    Time     Time  Current
                                 Dload  Upload   Total   Spent    Left  Speed
100   689  100   504  100   185    245     90  0:00:02  0:00:02 --:--:--   246
{"status": 200, "value": {"status": "READY", "virtual_filename": "tears_of_steel_720p.mp4", "user_id": "ec6373ca-0b21-4394-ab64-2183f64585dc", "uri": "glusterfs://OSCIED-Node02.localdomain/medias_volume/medias/ec6373ca-0b21-4394-ab64-2183f64585dc/963cb01e-731b-495a-9241-4e88e5da4e9d", "parent_id": null, "public_uris": null, "_id": "963cb01e-731b-495a-9241-4e88e5da4e9d", "metadata": {"duration": "00:12:14.16", "add_date": "2013-03-09 19:50:13", "size": 245896799, "title": "Tears of Steel 720p MP4"}}}200

Add transform profiles
{"title":"File Copy","description":"A simple block file copy","encoder_string":"copy"}

Test 200 : POST http://OSCIED-Node01.localdomain:5000/transform/profile auth: d@f.com:detgdm3D1 data: {"title":"File Copy","description":"A simple block file copy","encoder_string":"copy"}
  % Total    % Received % Xferd  Average Speed   Time    Time     Time  Current
                                 Dload  Upload   Total   Spent    Left  Speed
100   250  100   164  100    86  24543  12870 --:--:-- --:--:-- --:--:-- 54666
{"status": 200, "value": {"_id": "e50201d9-1694-426d-8dec-b09ecdcb2c8a", "description": "A simple block file copy", "encoder_string": "copy", "title": "File Copy"}}200

{"title":"To MP4","description":"FFmpeg container -> MP4","encoder_string":"-acodec copy -vcodec copy -f mp4"}

Test 200 : POST http://OSCIED-Node01.localdomain:5000/transform/profile auth: d@f.com:detgdm3D1 data: {"title":"To MP4","description":"FFmpeg container -> MP4","encoder_string":"-acodec copy -vcodec copy -f mp4"}
  % Total    % Received % Xferd  Average Speed   Time    Time     Time  Current
                                 Dload  Upload   Total   Spent    Left  Speed
100   298  100   188  100   110  35140  20560 --:--:-- --:--:-- --:--:-- 94000
{"status": 200, "value": {"_id": "07a427d7-a8ca-49d3-83db-1d66bc85ed5c", "description": "FFmpeg container -> MP4", "encoder_string": "-acodec copy -vcodec copy -f mp4", "title": "To MP4"}}200

{"title":"To MP2","description":"Convert video track to MPEG-2 format, copy audio track","encoder_string":"-acodec copy -vcodec mpeg2video -f mpeg2video"}

Test 200 : POST http://OSCIED-Node01.localdomain:5000/transform/profile auth: d@f.com:detgdm3D1 data: {"title":"To MP2","description":"Convert video track to MPEG-2 format, copy audio track","encoder_string":"-acodec copy -vcodec mpeg2video -f mpeg2video"}
  % Total    % Received % Xferd  Average Speed   Time    Time     Time  Current
                                 Dload  Upload   Total   Spent    Left  Speed
100   386  100   232  100   154  35382  23486 --:--:-- --:--:-- --:--:-- 77333
{"status": 200, "value": {"_id": "4d1eef40-92a6-4431-8bec-db16d86e39d9", "description": "Convert video track to MPEG-2 format, copy audio track", "encoder_string": "-acodec copy -vcodec mpeg2video -f mpeg2video", "title": "To MP2"}}200

{"title":"To 720p","description":"Force aspect to 16/9 and resolution to 720p","encoder_string":"-aspect 16:9 -s 1280x720 -swsflags lanczos"}

Test 200 : POST http://OSCIED-Node01.localdomain:5000/transform/profile auth: d@f.com:detgdm3D1 data: {"title":"To 720p","description":"Force aspect to 16/9 and resolution to 720p","encoder_string":"-aspect 16:9 -s 1280x720 -swsflags lanczos"}
  % Total    % Received % Xferd  Average Speed   Time    Time     Time  Current
                                 Dload  Upload   Total   Spent    Left  Speed
100   360  100   219  100   141  35720  22997 --:--:-- --:--:-- --:--:-- 73000
{"status": 200, "value": {"_id": "1f587670-a540-466f-8692-f310d2c0f96d", "description": "Force aspect to 16/9 and resolution to 720p", "encoder_string": "-aspect 16:9 -s 1280x720 -swsflags lanczos", "title": "To 720p"}}200

press any key to continue ...

